Java is /Users/titrom/Desktop/Bioinformatics/Task/tools/FastQC/jre/Contents/Home/bin/java
Started analysis of SRR20043616.fastq
Approx 5% complete for SRR20043616.fastq
Approx 10% complete for SRR20043616.fastq
Approx 15% complete for SRR20043616.fastq
Approx 20% complete for SRR20043616.fastq
Approx 25% complete for SRR20043616.fastq
Approx 30% complete for SRR20043616.fastq
Approx 35% complete for SRR20043616.fastq
Approx 40% complete for SRR20043616.fastq
Approx 45% complete for SRR20043616.fastq
Approx 50% complete for SRR20043616.fastq
Approx 55% complete for SRR20043616.fastq
Approx 60% complete for SRR20043616.fastq
Approx 65% complete for SRR20043616.fastq
Approx 70% complete for SRR20043616.fastq
Approx 75% complete for SRR20043616.fastq
Approx 80% complete for SRR20043616.fastq
Approx 85% complete for SRR20043616.fastq
Approx 90% complete for SRR20043616.fastq
Approx 95% complete for SRR20043616.fastq
Analysis complete for SRR20043616.fastq
Warning: the fonts "Times" and "Times" are not available for the Java logical font "Serif", which may have unexpected appearance or behavior. Re-enable the "Times" font to remove this warning.
